SonarQube plugins:
  - SonarC# 6.5.0.3766 (csharp)
  - SonarPython 1.8.0.1496 (python)
  - SonarJava 4.15.0.12310 (java)
  - Flex 2.3 (flex)
  - SonarQube :: Plugins :: SCM :: Git 1.3.0.869 (scmgit)
  - SonarXML 1.4.3.1027 (xml)
  - SonarPHP 2.11.0.2485 (php)
  - SonarTS 1.1.0.1079 (typescript)
  - SonarQube :: Plugins :: SCM :: SVN 1.6.0.860 (scmsvn)
  - SonarJS 3.2.0.5506 (javascript)
Global properties:
  - sonar.core.id=AWI8_0btW-emCsTE8euz
  - sonar.core.startTime=2018-03-21T11:40:34+0530
Settings for module: HC-OPS
  - sonar.projectBaseDir=C:\Users\e5544301\Desktop\new HC-ops
  - sonar.projectKey=HC-OPS
  - sonar.projectName=HC-OPS
  - sonar.projectVersion=1.0
  - sonar.sourceEncoding=windows-1252
  - sonar.sources=C:/Users/e5544301/Desktop/new HC-ops
  - sonar.working.directory=C:\Users\e5544301\Desktop\new HC-ops\.scannerwork
